{"name": "test_title[chromium]", "status": "failed", "statusDetails": {"message": "AssertionError: assert 'Sign Up For ...nd Breed Info' == 'Sign Up For ...d Breed Info1'\n  \n  - Sign Up For Free Cat Images and Breed Info1\n  ?                                           -\n  + Sign Up For Free Cat Images and Breed Info", "trace": "sign_up_page = <ui_tests.page_objects.sign_up_page.SignUpPage object at 0x000002002E5CB290>\n\n    @pytest.mark.ui\n    def test_title(sign_up_page):\n        logger.debug(\"Testing the title of the sign-up page\")\n>       assert sign_up_page.get_title() == \"Sign Up For Free Cat Images and Breed Info1\"\nE       AssertionError: assert 'Sign Up For ...nd Breed Info' == 'Sign Up For ...d Breed Info1'\nE         \nE         - Sign Up For Free Cat Images and Breed Info1\nE         ?                                           -\nE         + Sign Up For Free Cat Images and Breed Info\n\nui_tests\\test_sign_up_page.py:18: AssertionError"}, "attachments": [{"name": "stderr", "source": "659c883c-4534-4909-9113-a963eb8095f0-attachment.txt", "type": "text/plain"}], "parameters": [{"name": "browser_name", "value": "'chromium'"}], "start": 1736458143589, "stop": 1736458143602, "uuid": "bbec279c-5e4d-4842-895d-2388a8ac7250", "historyId": "901c9ffb6b0702c2b0c12b17aecca86d", "testCaseId": "0b469908d59abff8dcaf59ac28e1a776", "fullName": "ui_tests.test_sign_up_page#test_title", "labels": [{"name": "tag", "value": "ui"}, {"name": "parentSuite", "value": "ui_tests"}, {"name": "suite", "value": "test_sign_up_page"}, {"name": "host", "value": "EPBYMINW058E"}, {"name": "thread", "value": "38892-MainThread"}, {"name": "framework", "value": "pytest"}, {"name": "language", "value": "cpython3"}, {"name": "package", "value": "ui_tests.test_sign_up_page"}]}